<?xml version="1.0" encoding="UTF-8"?>
<!-- Generated by org.testng.reporters.JUnitXMLReporter -->
<testsuite hostname="karan-ThinkPad-L490" ignored="0" name="Surefire test" tests="6" failures="0" timestamp="2020-03-06T13:50:38 IST" time="5.675" errors="0">
  <testcase name="updateListTest on updateListTest(com.users.userTimelineProject.controller.PostServiceTest)" time="4.416" classname="com.users.userTimelineProject.controller.PostServiceTest"/>
  <testcase name="getEndpointsTest on getEndpointsTest(com.users.userTimelineProject.controller.PostServiceTest)" time="4.423" classname="com.users.userTimelineProject.controller.PostServiceTest"/>
  <testcase name="getPostTest on getPostTest(com.users.userTimelineProject.controller.PostServiceTest)" time="4.818" classname="com.users.userTimelineProject.controller.PostServiceTest"/>
  <testcase name="getUniqueIdsTest on getUniqueIdsTest(com.users.userTimelineProject.controller.PostServiceTest)" time="5.219" classname="com.users.userTimelineProject.controller.PostServiceTest"/>
  <testcase name="contextLoads on contextLoads(com.users.userTimelineProject.controller.PostServiceTest)" time="5.228" classname="com.users.userTimelineProject.UserTimelineProjectApplicationTest"/>
  <testcase name="contextLoads on contextLoads(com.users.userTimelineProject.UserTimelineProjectApplicationTest)" time="0.005" classname="com.users.userTimelineProject.UserTimelineProjectApplicationTest"/>
</testsuite> <!-- Surefire test -->
